11.12.2015 12:11:35
Статус соединения: Open - закрытие соединения...

11.12.2015 12:11:35
Соединение закрыто!

11.12.2015 12:11:35
Статус соединения: Closed - открытие соединения...

11.12.2015 12:11:35
Соединение открыто!

11.12.2015 12:11:35
Запрос прошёл!
insert into TABLE_2 values (:BIGTITLE, :IDG, :IDN,
                            :TYPE, :TOOLTYPE, :MODELTYPE,
                            :PA0, :PS0, :PA1, :PS1, :PA2, :PS2, :PA3, :PS3, 
                            :PA4, :PS4, :PA5, :PS5, :PA6, :PS6, :PA7, :PS7, 
                            :PA8, :PS8, :PA9, :PS9, :GEOM, 
                            :TODAYDATE, :LOGINUSER, :DOCFILE, :VIDOSN,
                            :TITLE, :NAME, :DOCTYPE, :NOTES, :DOCYEAR)
-
Parametrs:
BIGTITLE - фреза 15 2022-1226 ГОСТ 9999-78 (D=38 L=120 Зуб=8)                                                                                                                                                      
IDG - 27
IDN - 799
TYPE - 1
TOOLTYPE - 0
MODELTYPE - 0
PA0 - D 
PS0 - 38      
PA1 - L 
PS1 - 120     
PA2 - Зу
PS2 - 8       
PA3 - NULL
PS3 - NULL
PA4 - NULL
PS4 - NULL
PA5 - NULL
PS5 - NULL
PA6 - NULL
PS6 - NULL
PA7 - NULL
PS7 - NULL
PA8 - NULL
PS8 - NULL
PA9 - NULL
PS9 - NULL
GEOM - NULL
TODAYDATE - 11.12.15
LOGINUSER - avia_design                     
DOCFILE - NULL
VIDOSN - РИ  
TITLE - 2022-1226                                                                                           
NAME - фреза 15                                                                                            
DOCTYPE - ГОСТ 9999                                                                                           
NOTES - D=38 L=120 Зуб=8                                                                                    
DOCYEAR - 78  

11.12.2015 12:11:35
Статус соединения: Open - закрытие соединения...

11.12.2015 12:11:35
Соединение закрыто!

11.12.2015 12:11:39
Статус соединения: Closed - открытие соединения...

11.12.2015 12:11:39
Соединение открыто!

11.12.2015 12:11:39
Запрос прошёл!
select T1_NG from TABLE_1 where T1_NM = :GNAME
-
Parametrs:
GNAME - Группа-2                                                                        
-
Data:
27

11.12.2015 12:11:39
Статус соединения: Open - закрытие соединения...

11.12.2015 12:11:39
Соединение закрыто!

11.12.2015 12:11:47
Статус соединения: Closed - закрытие соединения...

11.12.2015 12:11:47
Соединение закрыто!

